<?xml version="1.0" encoding="UTF-8"?>
<!-- Generated by org.testng.reporters.JUnitReportReporter -->
<testsuite hostname="LAPTOP-FFRMSS9Q" failures="0" tests="1" name="CRUDOperationUsingTDD.GetRequest5Test" time="2.150" errors="0" timestamp="2022-11-02T15:58:48 IST" skipped="0">
  <testcase classname="CRUDOperationUsingTDD.GetRequest5Test" name="getRequest" time="2.150"/>
  <system-out/>
</testsuite> <!-- CRUDOperationUsingTDD.GetRequest5Test -->
