<?xml version="1.0" encoding="UTF-8"?>
<!-- Generated by org.testng.reporters.JUnitReportReporter -->
<testsuite hostname="LAPTOP-FFRMSS9Q" failures="0" tests="1" name="CRUDOperationUsingTDD.GetRequestTestID" time="1.550" errors="0" timestamp="2022-11-02T10:49:02 IST" skipped="0">
  <testcase classname="CRUDOperationUsingTDD.GetRequestTestID" name="getRequestTest" time="1.550"/>
  <system-out/>
</testsuite> <!-- CRUDOperationUsingTDD.GetRequestTestID -->
