<?xml version="1.0" encoding="UTF-8"?>
<!-- Generated by org.testng.reporters.JUnitReportReporter -->
<testsuite hostname="LAPTOP-FFRMSS9Q" failures="0" tests="1" name="CRUDOperationUsingTDD.PostAdminRequestTest" time="2.994" errors="0" timestamp="2022-11-06T18:46:06 IST" skipped="0">
  <testcase classname="CRUDOperationUsingTDD.PostAdminRequestTest" name="postRequestTest" time="2.994"/>
  <system-out/>
</testsuite> <!-- CRUDOperationUsingTDD.PostAdminRequestTest -->
