<?xml version="1.0" encoding="UTF-8"?>
<!-- Generated by org.testng.reporters.JUnitReportReporter -->
<testsuite hostname="LAPTOP-FFRMSS9Q" failures="0" tests="1" name="CRUDOperationUsingTDD.DeleteAdminRequestTest" time="1.616" errors="0" timestamp="2022-11-06T17:05:00 IST" skipped="0">
  <testcase classname="CRUDOperationUsingTDD.DeleteAdminRequestTest" name="deleteRequestTest" time="1.616"/>
  <system-out/>
</testsuite> <!-- CRUDOperationUsingTDD.DeleteAdminRequestTest -->
