<?xml version="1.0" encoding="UTF-8"?>
<!-- Generated by org.testng.reporters.JUnitReportReporter -->
<testsuite hostname="LAPTOP-FFRMSS9Q" failures="0" tests="1" name="CRUDOperationUsingTDD.DeleteRequestTest" time="1.271" errors="0" timestamp="2022-11-06T11:06:16 IST" skipped="0">
  <testcase classname="CRUDOperationUsingTDD.DeleteRequestTest" name="deleteRequestTest" time="1.271"/>
  <system-out/>
</testsuite> <!-- CRUDOperationUsingTDD.DeleteRequestTest -->
