<?xml version="1.0" encoding="UTF-8"?>
<!-- Generated by org.testng.reporters.JUnitReportReporter -->
<testsuite hostname="LAPTOP-FFRMSS9Q" failures="0" tests="1" name="CRUDOperationUsingTDD.DeleteFoodOrderRequest2Test" time="1.497" errors="0" timestamp="2022-11-06T17:06:22 IST" skipped="0">
  <testcase classname="CRUDOperationUsingTDD.DeleteFoodOrderRequest2Test" name="deleteRequestTest" time="1.497"/>
  <system-out/>
</testsuite> <!-- CRUDOperationUsingTDD.DeleteFoodOrderRequest2Test -->
