<?xml version="1.0" encoding="UTF-8"?>
<!-- Generated by org.testng.reporters.JUnitReportReporter -->
<testsuite hostname="LAPTOP-FFRMSS9Q" failures="0" tests="1" name="CRUDOperationUsingTDD.GetFoodOrdersRequest2Test" time="1.661" errors="0" timestamp="2022-11-06T18:50:59 IST" skipped="0">
  <testcase classname="CRUDOperationUsingTDD.GetFoodOrdersRequest2Test" name="getRequestTest" time="1.661"/>
  <system-out/>
</testsuite> <!-- CRUDOperationUsingTDD.GetFoodOrdersRequest2Test -->
