<?xml version="1.0" encoding="UTF-8"?>
<!-- Generated by org.testng.reporters.JUnitReportReporter -->
<testsuite hostname="LAPTOP-FFRMSS9Q" failures="0" tests="1" name="CRUDOperationUsingTDD.GetRequest3Test" time="1.986" errors="0" timestamp="2022-11-02T15:44:53 IST" skipped="0">
  <testcase classname="CRUDOperationUsingTDD.GetRequest3Test" name="getRequest" time="1.986"/>
  <system-out/>
</testsuite> <!-- CRUDOperationUsingTDD.GetRequest3Test -->
