<?xml version="1.0" encoding="UTF-8"?>
<!-- Generated by org.testng.reporters.JUnitReportReporter -->
<testsuite hostname="LAPTOP-FFRMSS9Q" failures="0" tests="1" name="CRUDOperationUsingTDD.PostFoodOrderRequest2Test" time="2.103" errors="0" timestamp="2022-11-06T18:50:11 IST" skipped="0">
  <testcase classname="CRUDOperationUsingTDD.PostFoodOrderRequest2Test" name="postRequest2Test" time="2.103"/>
  <system-out/>
</testsuite> <!-- CRUDOperationUsingTDD.PostFoodOrderRequest2Test -->
