<?xml version="1.0" encoding="UTF-8"?>
<!-- Generated by org.testng.reporters.JUnitReportReporter -->
<testsuite hostname="LAPTOP-FFRMSS9Q" failures="0" tests="1" name="CRUDOperationUsingTDD.PostRequest2Test" time="1.522" errors="0" timestamp="2022-11-06T11:51:40 IST" skipped="0">
  <testcase classname="CRUDOperationUsingTDD.PostRequest2Test" name="postRequest2Test" time="1.522"/>
  <system-out/>
</testsuite> <!-- CRUDOperationUsingTDD.PostRequest2Test -->
