<?xml version="1.0" encoding="UTF-8"?>
<!-- Generated by org.testng.reporters.JUnitReportReporter -->
<testsuite hostname="LAPTOP-FFRMSS9Q" failures="0" tests="1" name="Authentication.BasicAuth" time="2.789" errors="0" timestamp="2022-11-07T09:37:31 IST" skipped="0">
  <testcase classname="Authentication.BasicAuth" name="bearerToken" time="2.789"/>
  <system-out/>
</testsuite> <!-- Authentication.BasicAuth -->
