<?xml version="1.0" encoding="UTF-8"?>
<!-- Generated by org.testng.reporters.JUnitReportReporter -->
<testsuite hostname="LAPTOP-FFRMSS9Q" failures="0" tests="1" name="CRUDOperationUsingTDD.GetAdminRequestTest" time="1.684" errors="0" timestamp="2022-11-06T21:07:59 IST" skipped="0">
  <testcase classname="CRUDOperationUsingTDD.GetAdminRequestTest" name="getRequestTest" time="1.684"/>
  <system-out/>
</testsuite> <!-- CRUDOperationUsingTDD.GetAdminRequestTest -->
