<?xml version="1.0" encoding="UTF-8"?>
<!-- Generated by org.testng.reporters.JUnitReportReporter -->
<testsuite hostname="LAPTOP-FFRMSS9Q" failures="0" tests="1" name="CRUDOperationUsingTDD.PostRequestTest" time="1.456" errors="0" timestamp="2022-11-06T11:52:41 IST" skipped="0">
  <testcase classname="CRUDOperationUsingTDD.PostRequestTest" name="postRequestTest" time="1.456"/>
  <system-out/>
</testsuite> <!-- CRUDOperationUsingTDD.PostRequestTest -->
