<?xml version="1.0" encoding="UTF-8"?>
<!-- Generated by org.testng.reporters.JUnitReportReporter -->
<testsuite hostname="LAPTOP-FFRMSS9Q" failures="0" tests="1" name="CRUDOperationUsingTDD.DeieteRequest2Test" time="1.267" errors="0" timestamp="2022-11-06T11:08:22 IST" skipped="0">
  <testcase classname="CRUDOperationUsingTDD.DeieteRequest2Test" name="deleteRequestTest" time="1.267"/>
  <system-out/>
</testsuite> <!-- CRUDOperationUsingTDD.DeieteRequest2Test -->
