<?xml version="1.0" encoding="UTF-8"?>
<!-- Generated by org.testng.reporters.JUnitReportReporter -->
<testsuite hostname="LAPTOP-FFRMSS9Q" failures="0" tests="1" name="CRUDOperationUsingTDD.GetRequest4Test" time="2.115" errors="0" timestamp="2022-11-02T15:53:45 IST" skipped="0">
  <testcase classname="CRUDOperationUsingTDD.GetRequest4Test" name="getRequest" time="2.115"/>
  <system-out/>
</testsuite> <!-- CRUDOperationUsingTDD.GetRequest4Test -->
