<?xml version="1.0" encoding="UTF-8"?>
<!-- Generated by org.testng.reporters.JUnitReportReporter -->
<testsuite hostname="LAPTOP-FFRMSS9Q" failures="0" tests="1" name="Authentication.BearerToken" time="2.303" errors="0" timestamp="2022-11-07T09:38:14 IST" skipped="0">
  <testcase classname="Authentication.BearerToken" name="bearerToken" time="2.303"/>
  <system-out/>
</testsuite> <!-- Authentication.BearerToken -->
